<?xml version="1.0" encoding="UTF-8"?>
<!-- Generated by org.testng.reporters.JUnitReportReporter -->
<testsuite hostname="Abhilash" name="com.eigenRisk.TestSuite.DamageModelManager" tests="1" failures="0" timestamp="30 Jul 2015 07:40:58 GMT" time="51.899" errors="0">
  <testcase name="ClickDMM" time="51.899" classname="com.eigenRisk.TestSuite.DamageModelManager"/>
</testsuite> <!-- com.eigenRisk.TestSuite.DamageModelManager -->
