<?xml version="1.0" encoding="UTF-8"?>
<!-- Generated by org.testng.reporters.JUnitReportReporter -->
<testsuite hostname="Abhilash" name="com.eigenRisk.TestSuite_MultiThreading.MultiThreading_Login" tests="10" failures="0" timestamp="1 Jun 2015 13:00:08 GMT" time="1643.169" errors="0">
  <testcase name="loadExposureExcel" time="93.656" classname="com.eigenRisk.TestSuite_MultiThreading.MultiThreading_Login"/>
  <testcase name="loadExposureExcel" time="145.646" classname="com.eigenRisk.TestSuite_MultiThreading.MultiThreading_Login"/>
  <testcase name="loadExposureExcel" time="186.635" classname="com.eigenRisk.TestSuite_MultiThreading.MultiThreading_Login"/>
  <testcase name="loadExposureExcel" time="71.030" classname="com.eigenRisk.TestSuite_MultiThreading.MultiThreading_Login"/>
  <testcase name="loadExposureExcel" time="194.269" classname="com.eigenRisk.TestSuite_MultiThreading.MultiThreading_Login"/>
  <testcase name="loadExposureExcel" time="198.615" classname="com.eigenRisk.TestSuite_MultiThreading.MultiThreading_Login"/>
  <testcase name="loadExposureExcel" time="228.347" classname="com.eigenRisk.TestSuite_MultiThreading.MultiThreading_Login"/>
  <testcase name="loadExposureExcel" time="180.649" classname="com.eigenRisk.TestSuite_MultiThreading.MultiThreading_Login"/>
  <testcase name="loadExposureExcel" time="239.358" classname="com.eigenRisk.TestSuite_MultiThreading.MultiThreading_Login"/>
  <testcase name="loadExposureExcel" time="104.964" classname="com.eigenRisk.TestSuite_MultiThreading.MultiThreading_Login"/>
</testsuite> <!-- com.eigenRisk.TestSuite_MultiThreading.MultiThreading_Login -->
