<?xml version="1.0" encoding="UTF-8"?>
<!-- Generated by org.testng.reporters.JUnitReportReporter -->
<testsuite hostname="Abhilash" name="org.eigenrisk.testlab.Beta1TestSuite_1" tests="1" failures="0" timestamp="3 Jun 2015 08:51:08 GMT" time="57.119" errors="0">
  <testcase name="loadExposure" time="57.119" classname="org.eigenrisk.testlab.Beta1TestSuite_1"/>
</testsuite> <!-- org.eigenrisk.testlab.Beta1TestSuite_1 -->
