<?xml version="1.0" encoding="UTF-8"?>
<!-- Generated by org.testng.reporters.JUnitReportReporter -->
<testsuite hostname="Abhilash" name="com.eigenRisk.TestSuite.LoginPage_ForgotPassword" tests="3" failures="0" timestamp="14 Sep 2015 05:39:54 GMT" time="62.073" errors="0">
  <testcase name="resetPassword_UnRegisteredEmail" time="21.529" classname="com.eigenRisk.TestSuite.LoginPage_ForgotPassword"/>
  <testcase name="resetPassword_RegisteredEmail" time="21.397" classname="com.eigenRisk.TestSuite.LoginPage_ForgotPassword"/>
  <testcase name="click_ForgotPasswordLink" time="19.147" classname="com.eigenRisk.TestSuite.LoginPage_ForgotPassword"/>
</testsuite> <!-- com.eigenRisk.TestSuite.LoginPage_ForgotPassword -->
