<?xml version="1.0" encoding="UTF-8"?>
<!-- Generated by org.testng.reporters.JUnitReportReporter -->
<testsuite hostname="Abhilash" name="com.eigenRisk.TestSuite.LoginPage" tests="4" failures="0" timestamp="14 Sep 2015 05:39:54 GMT" time="92.219" errors="0">
  <testcase name="loginToPrism_ValidCredentials" time="33.027" classname="com.eigenRisk.TestSuite.LoginPage"/>
  <testcase name="loginToPrism_BlankUserName" time="19.830" classname="com.eigenRisk.TestSuite.LoginPage"/>
  <testcase name="loginToPrism_InvalidUserName" time="19.430" classname="com.eigenRisk.TestSuite.LoginPage"/>
  <testcase name="loginToPrism_InvalidPassword" time="19.932" classname="com.eigenRisk.TestSuite.LoginPage"/>
</testsuite> <!-- com.eigenRisk.TestSuite.LoginPage -->
