<?xml version="1.0" encoding="UTF-8"?>
<!-- Generated by org.testng.reporters.JUnitReportReporter -->
<testsuite hostname="Abhilash" name="com.eigenRisk.TestSuite.Top_N_DataValidation" tests="12" failures="0" timestamp="18 Sep 2015 10:41:19 GMT" time="891.863" errors="0">
  <testcase name="EvaluateTopN_Assets" time="15.940" classname="com.eigenRisk.TestSuite.Top_N_DataValidation"/>
  <testcase name="Evaluate_TIV_and_AssetNum_51_Records_Today" time="63.293" classname="com.eigenRisk.TestSuite.Top_N_DataValidation"/>
  <testcase name="Evaluate_TIV_and_AssetNum_51_Records_2012" time="70.089" classname="com.eigenRisk.TestSuite.Top_N_DataValidation"/>
  <testcase name="EvaluateCurrencyConversionFor_CAD" time="98.076" classname="com.eigenRisk.TestSuite.Top_N_DataValidation"/>
  <testcase name="EvaluateCurrencyConversionFor_EUR" time="95.066" classname="com.eigenRisk.TestSuite.Top_N_DataValidation"/>
  <testcase name="EvaluateCurrencyConversionFor_USD" time="77.224" classname="com.eigenRisk.TestSuite.Top_N_DataValidation"/>
  <testcase name="Evaluate_TIV_and_AssetNum_51_Records_2014" time="71.263" classname="com.eigenRisk.TestSuite.Top_N_DataValidation"/>
  <testcase name="Evaluate_TIV_and_AssetNum_51_Records_2011" time="70.102" classname="com.eigenRisk.TestSuite.Top_N_DataValidation"/>
  <testcase name="EvaluateTIV_ForEachAsset" time="89.300" classname="com.eigenRisk.TestSuite.Top_N_DataValidation"/>
  <testcase name="EvaluateCurrencyConversionFor_BBD" time="90.611" classname="com.eigenRisk.TestSuite.Top_N_DataValidation"/>
  <testcase name="Evaluate_TIV_and_AssetNum_51_Records_2013" time="76.708" classname="com.eigenRisk.TestSuite.Top_N_DataValidation"/>
  <testcase name="CheckCountriesListedInContributionWidget" time="74.191" classname="com.eigenRisk.TestSuite.Top_N_DataValidation"/>
</testsuite> <!-- com.eigenRisk.TestSuite.Top_N_DataValidation -->
