<?xml version="1.0" encoding="UTF-8"?>
<!-- Generated by org.testng.reporters.JUnitReportReporter -->
<testsuite hostname="Abhilash" name="com.eigenRisk.TestSuite.WriteTestResults" tests="1" failures="0" timestamp="27 Jun 2015 10:54:19 GMT" time="1.504" errors="0">
  <testcase name="WriteTestResults" time="1.504" classname="com.eigenRisk.TestSuite.WriteTestResults"/>
</testsuite> <!-- com.eigenRisk.TestSuite.WriteTestResults -->
