<?xml version="1.0" encoding="UTF-8"?>
<!-- Generated by org.testng.reporters.JUnitReportReporter -->
<testsuite hostname="Abhilash" name="com.eigenRisk.TestSuite_MultiThreading.ParameterTest" tests="2" failures="0" timestamp="26 May 2015 09:57:14 GMT" time="0.021" errors="0">
  <testcase name="insideTest3" time="0.016" classname="com.eigenRisk.TestSuite_MultiThreading.ParameterTest"/>
  <testcase name="insideTest3" time="0.005" classname="com.eigenRisk.TestSuite_MultiThreading.ParameterTest"/>
</testsuite> <!-- com.eigenRisk.TestSuite_MultiThreading.ParameterTest -->
