<?xml version="1.0" encoding="UTF-8"?>
<!-- Generated by org.testng.reporters.JUnitReportReporter -->
<testsuite hostname="User-PC" name="org.eigenrisk.testlab.LoginTest" tests="2" failures="0" timestamp="30 Mar 2015 06:14:04 GMT" time="50.430" errors="0">
  <testcase name="loadExposureTest" time="4.040" classname="org.eigenrisk.testlab.LoginTest"/>
  <testcase name="loginTest" time="46.390" classname="org.eigenrisk.testlab.LoginTest"/>
</testsuite> <!-- org.eigenrisk.testlab.LoginTest -->
