<?xml version="1.0" encoding="UTF-8"?>
<!-- Generated by org.testng.reporters.JUnitReportReporter -->
<testsuite hostname="Abhilash" name="com.eigenRisk.TestSuite.CleanUp_Activities" tests="1" failures="0" timestamp="28 Jul 2015 08:04:26 GMT" time="120.746" errors="0">
  <testcase name="deleteAllExposures_for_abhilashtc" time="120.746" classname="com.eigenRisk.TestSuite.CleanUp_Activities"/>
</testsuite> <!-- com.eigenRisk.TestSuite.CleanUp_Activities -->
